Start testing: Sep 22 17:08 Eastern Daylight Time
----------------------------------------------------------
1/1 Testing: Example
1/1 Test: Example
Command: "C:/Users/Break/OneDrive - Virginia State University/Classes/Fall24/Programming Languages CSCI 485/MostOccuringChar/build/test/Example.exe"
Directory: C:/Users/Break/OneDrive - Virginia State University/Classes/Fall24/Programming Languages CSCI 485/MostOccuringChar/build/test
"Example" start time: Sep 22 17:08 Eastern Daylight Time
Output:
----------------------------------------------------------

 0
<end of output>
Test time =   0.07 sec
----------------------------------------------------------
Test Passed.
"Example" end time: Sep 22 17:08 Eastern Daylight Time
"Example" time elapsed: 00:00:00
----------------------------------------------------------

End testing: Sep 22 17:08 Eastern Daylight Time
