<?xml version="1.0" encoding="UTF-8"?>
<Site BuildName="(empty)"
	BuildStamp="20240922-2041-Experimental"
	Name="(empty)"
	Generator="ctest-3.30.3"
	CompilerName=""
	CompilerVersion=""
	OSName="Windows"
	Hostname="RaiiDeNx7"
	OSRelease=" Personal"
	OSVersion=" (Build 22631)"
	OSPlatform="AMD64"
	Is64Bits="1"
	VendorString="GenuineIntel"
	VendorID="Intel Corporation"
	FamilyID="6"
	ModelID="12"
	ProcessorCacheSize="-1"
	NumberOfLogicalCPU="8"
	NumberOfPhysicalCPU="4"
	TotalVirtualMemory="20775"
	TotalPhysicalMemory="7975"
	LogicalProcessorsPerPhysical="2"
	ProcessorClockFrequency="2419"
	>
	<Testing>
		<StartDateTime>Sep 22 17:08 Eastern Daylight Time</StartDateTime>
		<StartTestTime>1727039321</StartTestTime>
		<TestList>
			<Test>./test/Example</Test>
		</TestList>
		<Test Status="passed">
			<Name>Example</Name>
			<Path>./test</Path>
			<FullName>./test/Example</FullName>
			<FullCommandLine>"C:\Users\Break\OneDrive - Virginia State University\Classes\Fall24\Programming Languages CSCI 485\MostOccuringChar\build\test\Example.exe"</FullCommandLine>
			<Results>
				<NamedMeasurement type="numeric/double" name="Execution Time">
					<Value>0.0677182</Value>
				</NamedMeasurement>
				<NamedMeasurement type="numeric/double" name="Processors">
					<Value>1</Value>
				</NamedMeasurement>
				<NamedMeasurement type="text/string" name="Completion Status">
					<Value>Completed</Value>
				</NamedMeasurement>
				<NamedMeasurement type="text/string" name="Command Line">
					<Value>"C:\Users\Break\OneDrive - Virginia State University\Classes\Fall24\Programming Languages CSCI 485\MostOccuringChar\build\test\Example.exe"</Value>
				</NamedMeasurement>
				<NamedMeasurement type="text/string" name="Environment">
					<Value>#CTEST_RESOURCE_GROUP_COUNT=</Value>
				</NamedMeasurement>
				<Measurement>
					<Value>
 0
</Value>
				</Measurement>
			</Results>
		</Test>
		<EndDateTime>Sep 22 17:08 Eastern Daylight Time</EndDateTime>
		<EndTestTime>1727039321</EndTestTime>
		<ElapsedMinutes>0</ElapsedMinutes>
	</Testing>
</Site>
